0 info it worked if it ends with ok
1 verbose cli [ 'C:\\Program Files\\nodejs\\\\node.exe',
1 verbose cli   'C:\\Program Files\\nodejs\\node_modules\\npm\\bin\\npm-cli.js',
1 verbose cli   'install',
1 verbose cli   '-g',
1 verbose cli   'node-inspectornode-debug',
1 verbose cli   'server.js' ]
2 info using npm@2.5.1
3 info using node@v0.12.0
4 verbose node symlink C:\Program Files\nodejs\\node.exe
5 silly cache add args [ 'node-inspectornode-debug', null ]
6 verbose cache add spec node-inspectornode-debug
7 silly cache add args [ 'server.js', null ]
8 verbose cache add spec server.js
9 silly cache add parsed spec { raw: 'node-inspectornode-debug',
9 silly cache add   scope: null,
9 silly cache add   name: 'node-inspectornode-debug',
9 silly cache add   rawSpec: '',
9 silly cache add   spec: '*',
9 silly cache add   type: 'range' }
10 verbose addNamed node-inspectornode-debug@*
11 silly addNamed semver.valid null
12 silly addNamed semver.validRange *
13 silly addNameRange { name: 'node-inspectornode-debug', range: '*', hasData: false }
14 silly mapToRegistry name node-inspectornode-debug
15 silly mapToRegistry using default registry
16 silly mapToRegistry registry https://registry.npmjs.org/
17 silly mapToRegistry uri https://registry.npmjs.org/node-inspectornode-debug
18 verbose addNameRange registry:https://registry.npmjs.org/node-inspectornode-debug not in flight; fetching
19 silly cache add parsed spec { raw: 'server.js',
19 silly cache add   scope: null,
19 silly cache add   name: null,
19 silly cache add   rawSpec: 'server.js',
19 silly cache add   spec: 'C:\\Users\\nirw\\Desktop\\study\\finalProject\\LineUpServer\\server.js',
19 silly cache add   type: 'local' }
20 verbose request uri https://registry.npmjs.org/node-inspectornode-debug
21 verbose request no auth needed
22 info attempt registry request try #1 at 6:53:13 PM
23 verbose request id 3bbf738c4be0bbeb
24 http request GET https://registry.npmjs.org/node-inspectornode-debug
25 silly addLocalTarball shasum (computed) def63c5034607ddbe84566cf84e4f0b2282d1cbc
26 verbose addTmpTarball C:\Users\nirw\Desktop\study\finalProject\LineUpServer\server.js not in flight; adding
27 verbose addTmpTarball validating metadata from C:\Users\nirw\Desktop\study\finalProject\LineUpServer\server.js
28 verbose tar unpack C:\Users\nirw\Desktop\study\finalProject\LineUpServer\server.js
29 verbose tar unpacking to C:\Windows\TEMP\npm-37732-5a6c369e\unpack-50f432c3f622
30 verbose gentlyRm vacuuming C:\Windows\TEMP\npm-37732-5a6c369e\unpack-50f432c3f622
31 silly gunzTarPerm modes [ '777', '666' ]
32 error not a package C:\Users\nirw\Desktop\study\finalProject\LineUpServer\server.js
33 error addLocal Could not install C:\Users\nirw\Desktop\study\finalProject\LineUpServer\server.js
34 http 404 https://registry.npmjs.org/node-inspectornode-debug
35 verbose headers { date: 'Mon, 13 Apr 2015 15:54:37 GMT',
35 verbose headers   server: 'CouchDB/1.5.0 (Erlang OTP/R16B03)',
35 verbose headers   'content-type': 'application/json',
35 verbose headers   'cache-control': 'max-age=0',
35 verbose headers   'content-length': '51',
35 verbose headers   'accept-ranges': 'bytes',
35 verbose headers   via: '1.1 varnish',
35 verbose headers   age: '0',
35 verbose headers   'x-served-by': 'cache-lhr6327-LHR',
35 verbose headers   'x-cache': 'MISS',
35 verbose headers   'x-cache-hits': '0',
35 verbose headers   'x-timer': 'S1428940477.132702,VS0,VE94',
35 verbose headers   'keep-alive': 'timeout=10, max=50',
35 verbose headers   connection: 'Keep-Alive' }
36 silly get cb [ 404,
36 silly get   { date: 'Mon, 13 Apr 2015 15:54:37 GMT',
36 silly get     server: 'CouchDB/1.5.0 (Erlang OTP/R16B03)',
36 silly get     'content-type': 'application/json',
36 silly get     'cache-control': 'max-age=0',
36 silly get     'content-length': '51',
36 silly get     'accept-ranges': 'bytes',
36 silly get     via: '1.1 varnish',
36 silly get     age: '0',
36 silly get     'x-served-by': 'cache-lhr6327-LHR',
36 silly get     'x-cache': 'MISS',
36 silly get     'x-cache-hits': '0',
36 silly get     'x-timer': 'S1428940477.132702,VS0,VE94',
36 silly get     'keep-alive': 'timeout=10, max=50',
36 silly get     connection: 'Keep-Alive' } ]
37 verbose stack Error: ENOENT, open 'C:\Windows\TEMP\npm-37732-5a6c369e\unpack-50f432c3f622\package.json'
37 verbose stack     at Error (native)
38 verbose cwd C:\Users\nirw\Desktop\study\finalProject\LineUpServer
39 error Windows_NT 6.1.7601
40 error argv "C:\\Program Files\\nodejs\\\\node.exe" "C:\\Program Files\\nodejs\\node_modules\\npm\\bin\\npm-cli.js" "install" "-g" "node-inspectornode-debug" "server.js"
41 error node v0.12.0
42 error npm  v2.5.1
43 error path C:\Windows\TEMP\npm-37732-5a6c369e\unpack-50f432c3f622\package.json
44 error code ENOENT
45 error errno -4058
46 error enoent ENOENT, open 'C:\Windows\TEMP\npm-37732-5a6c369e\unpack-50f432c3f622\package.json'
46 error enoent This is most likely not a problem with npm itself
46 error enoent and is related to npm not being able to find a file.
47 verbose exit [ -4058, true ]
